Performing C SOURCE FILE Test CMAKE_HAVE_LIBC_PTHREAD failed with the following output:
Change Dir: E:/project/8.software/CyberKaNoJo-Live2D/out/build/x64-release/CMakeFiles/CMakeScratch/TryCompile-po681q

Run Build Command(s):E:\VISUALSTUDIO\COMMON7\IDE\COMMONEXTENSIONS\MICROSOFT\CMAKE\Ninja\ninja.exe cmTC_1ed46 && [1/2] Building C object CMakeFiles\cmTC_1ed46.dir\src.c.obj
FAILED: CMakeFiles/cmTC_1ed46.dir/src.c.obj 
E:\VisualStudio\VC\Tools\MSVC\14.35.32215\bin\Hostx64\x64\cl.exe  /nologo -DCMAKE_HAVE_LIBC_PTHREAD  /DWIN32 /D_WINDOWS /W3  /MDd /Ob0 /Od /RTC1 -Zi /showIncludes /FoCMakeFiles\cmTC_1ed46.dir\src.c.obj /FdCMakeFiles\cmTC_1ed46.dir\ /FS -c E:\project\8.software\CyberKaNoJo-Live2D\out\build\x64-release\CMakeFiles\CMakeScratch\TryCompile-po681q\src.c
E:\project\8.software\CyberKaNoJo-Live2D\out\build\x64-release\CMakeFiles\CMakeScratch\TryCompile-po681q\src.c(1): fatal error C1083: 无法打开包括文件: “pthread.h”: No such file or directory
ninja: build stopped: subcommand failed.


Source file was:
#include <pthread.h>

static void* test_func(void* data)
{
  return data;
}

int main(void)
{
  pthread_t thread;
  pthread_create(&thread, NULL, test_func, NULL);
  pthread_detach(thread);
  pthread_cancel(thread);
  pthread_join(thread, NULL);
  pthread_atfork(NULL, NULL, NULL);
  pthread_exit(NULL);

  return 0;
}


Determining if the function pthread_create exists in the pthreads failed with the following output:
Change Dir: E:/project/8.software/CyberKaNoJo-Live2D/out/build/x64-release/CMakeFiles/CMakeScratch/TryCompile-lpvmie

Run Build Command(s):E:\VISUALSTUDIO\COMMON7\IDE\COMMONEXTENSIONS\MICROSOFT\CMAKE\Ninja\ninja.exe cmTC_542aa && [1/2] Building C object CMakeFiles\cmTC_542aa.dir\CheckFunctionExists.c.obj
[2/2] Linking C executable cmTC_542aa.exe
FAILED: cmTC_542aa.exe 
cmd.exe /C "cd . && E:\VisualStudio\Common7\IDE\CommonExtensions\Microsoft\CMake\CMake\bin\cmake.exe -E vs_link_exe --intdir=CMakeFiles\cmTC_542aa.dir --rc=C:\PROGRA~2\WI3CF2~1\10\bin\100220~1.0\x64\rc.exe --mt=C:\PROGRA~2\WI3CF2~1\10\bin\100220~1.0\x64\mt.exe --manifests  -- E:\VisualStudio\VC\Tools\MSVC\14.35.32215\bin\Hostx64\x64\link.exe /nologo CMakeFiles\cmTC_542aa.dir\CheckFunctionExists.c.obj  /out:cmTC_542aa.exe /implib:cmTC_542aa.lib /pdb:cmTC_542aa.pdb /version:0.0 /machine:x64  /debug /INCREMENTAL /subsystem:console  pthreads.lib  kernel32.lib user32.lib gdi32.lib winspool.lib shell32.lib ole32.lib oleaut32.lib uuid.lib comdlg32.lib advapi32.lib && cd ."
LINK Pass 1: command "E:\VisualStudio\VC\Tools\MSVC\14.35.32215\bin\Hostx64\x64\link.exe /nologo CMakeFiles\cmTC_542aa.dir\CheckFunctionExists.c.obj /out:cmTC_542aa.exe /implib:cmTC_542aa.lib /pdb:cmTC_542aa.pdb /version:0.0 /machine:x64 /debug /INCREMENTAL /subsystem:console pthreads.lib kernel32.lib user32.lib gdi32.lib winspool.lib shell32.lib ole32.lib oleaut32.lib uuid.lib comdlg32.lib advapi32.lib /MANIFEST /MANIFESTFILE:CMakeFiles\cmTC_542aa.dir/intermediate.manifest CMakeFiles\cmTC_542aa.dir/manifest.res" failed (exit code 1104) with the following output:
LINK : fatal error LNK1104: 无法打开文件“pthreads.lib”
ninja: build stopped: subcommand failed.



Determining if the function pthread_create exists in the pthread failed with the following output:
Change Dir: E:/project/8.software/CyberKaNoJo-Live2D/out/build/x64-release/CMakeFiles/CMakeScratch/TryCompile-qr6m6j

Run Build Command(s):E:\VISUALSTUDIO\COMMON7\IDE\COMMONEXTENSIONS\MICROSOFT\CMAKE\Ninja\ninja.exe cmTC_37cbd && [1/2] Building C object CMakeFiles\cmTC_37cbd.dir\CheckFunctionExists.c.obj
[2/2] Linking C executable cmTC_37cbd.exe
FAILED: cmTC_37cbd.exe 
cmd.exe /C "cd . && E:\VisualStudio\Common7\IDE\CommonExtensions\Microsoft\CMake\CMake\bin\cmake.exe -E vs_link_exe --intdir=CMakeFiles\cmTC_37cbd.dir --rc=C:\PROGRA~2\WI3CF2~1\10\bin\100220~1.0\x64\rc.exe --mt=C:\PROGRA~2\WI3CF2~1\10\bin\100220~1.0\x64\mt.exe --manifests  -- E:\VisualStudio\VC\Tools\MSVC\14.35.32215\bin\Hostx64\x64\link.exe /nologo CMakeFiles\cmTC_37cbd.dir\CheckFunctionExists.c.obj  /out:cmTC_37cbd.exe /implib:cmTC_37cbd.lib /pdb:cmTC_37cbd.pdb /version:0.0 /machine:x64  /debug /INCREMENTAL /subsystem:console  pthread.lib  kernel32.lib user32.lib gdi32.lib winspool.lib shell32.lib ole32.lib oleaut32.lib uuid.lib comdlg32.lib advapi32.lib && cd ."
LINK Pass 1: command "E:\VisualStudio\VC\Tools\MSVC\14.35.32215\bin\Hostx64\x64\link.exe /nologo CMakeFiles\cmTC_37cbd.dir\CheckFunctionExists.c.obj /out:cmTC_37cbd.exe /implib:cmTC_37cbd.lib /pdb:cmTC_37cbd.pdb /version:0.0 /machine:x64 /debug /INCREMENTAL /subsystem:console pthread.lib kernel32.lib user32.lib gdi32.lib winspool.lib shell32.lib ole32.lib oleaut32.lib uuid.lib comdlg32.lib advapi32.lib /MANIFEST /MANIFESTFILE:CMakeFiles\cmTC_37cbd.dir/intermediate.manifest CMakeFiles\cmTC_37cbd.dir/manifest.res" failed (exit code 1104) with the following output:
LINK : fatal error LNK1104: 无法打开文件“pthread.lib”
ninja: build stopped: subcommand failed.



